<?xml version="1.0" encoding="UTF-8"?>
<testng-results ignored="0" total="1" passed="1" failed="0" skipped="0">
  <reporter-output>
  </reporter-output>
  <suite started-at="2025-01-21T15:59:02 EST" name="Default suite" finished-at="2025-01-21T15:59:10 EST" duration-ms="8565">
    <groups>
      <group name="cucumber">
        <method signature="AbstractTestNGCucumberTests.runScenario(io.cucumber.testng.PickleWrapper,io.cucumber.testng.FeatureWrapper)[pri:0, instance:runners.MyTestNGRunner@707194ba]" name="runScenario" class="io.cucumber.testng.AbstractTestNGCucumberTests"/>
      </group> <!-- cucumber -->
    </groups>
    <test started-at="2025-01-21T15:59:02 EST" name="Default test" finished-at="2025-01-21T15:59:10 EST" duration-ms="8565">
      <class name="runners.MyTestNGRunner">
        <test-method is-config="true" signature="setUpClass(org.testng.ITestContext)[pri:0, instance:runners.MyTestNGRunner@707194ba]" started-at="2025-01-21T15:59:02 EST" name="setUpClass" finished-at="2025-01-21T15:59:05 EST" duration-ms="3766" status="PASS">
          <params>
            <param index="0">
              <value>
                <![CDATA[org.testng.TestRunner@624a24f6]]>
              </value>
            </param>
          </params>
          <reporter-output>
          </reporter-output>
        </test-method> <!-- setUpClass -->
        <test-method signature="runScenario(io.cucumber.testng.PickleWrapper,io.cucumber.testng.FeatureWrapper)[pri:0, instance:runners.MyTestNGRunner@707194ba]" started-at="2025-01-21T15:59:05 EST" name="runScenario" description="Runs Cucumber Scenarios" data-provider="scenarios" finished-at="2025-01-21T15:59:10 EST" duration-ms="4451" status="PASS">
          <params>
            <param index="0">
              <value>
                <![CDATA["Login with Valid username and Valid Password"]]>
              </value>
            </param>
            <param index="1">
              <value>
                <![CDATA["Login test cases for Orange HRM Application"]]>
              </value>
            </param>
          </params>
          <reporter-output>
          </reporter-output>
        </test-method> <!-- runScenario -->
        <test-method is-config="true" signature="tearDownClass()[pri:0, instance:runners.MyTestNGRunner@707194ba]" started-at="2025-01-21T15:59:10 EST" name="tearDownClass" finished-at="2025-01-21T15:59:10 EST" duration-ms="290" status="PASS">
          <reporter-output>
          </reporter-output>
        </test-method> <!-- tearDownClass -->
      </class> <!-- runners.MyTestNGRunner -->
    </test> <!-- Default test -->
  </suite> <!-- Default suite -->
</testng-results>
